<?xml version="1.0" encoding="UTF-8"?>
<!-- Generated by org.testng.reporters.JUnitReportReporter -->
<testsuite hostname="LAPTOP-QDO5D336" failures="0" tests="1" name="seleniumPackage.DownloadingFile" time="1.930" errors="0" timestamp="02 Aug 2024 14:23:19 GMT" skipped="0">
  <testcase classname="seleniumPackage.DownloadingFile" name="download" time="1.930"/>
</testsuite> <!-- seleniumPackage.DownloadingFile -->
