<?xml version="1.0" encoding="UTF-8"?>
<!-- Generated by org.testng.reporters.JUnitReportReporter -->
<testsuite hostname="LAPTOP-QDO5D336" failures="0" tests="1" name="seleniumPackage.WindowHandles" time="3.474" errors="0" timestamp="02 Aug 2024 05:35:13 GMT" skipped="0">
  <testcase classname="seleniumPackage.WindowHandles" name="windowHandles" time="3.474"/>
</testsuite> <!-- seleniumPackage.WindowHandles -->
