<?xml version="1.0" encoding="UTF-8"?>
<!-- Generated by org.testng.reporters.JUnitReportReporter -->
<testsuite hostname="LAPTOP-QDO5D336" failures="0" tests="1" name="seleniumPackage.SeleniumBasicFeatures" time="13.496" errors="0" timestamp="01 Aug 2024 14:26:23 GMT" skipped="0">
  <testcase classname="seleniumPackage.SeleniumBasicFeatures" name="basicElements" time="13.496"/>
</testsuite> <!-- seleniumPackage.SeleniumBasicFeatures -->
