<?xml version="1.0" encoding="UTF-8"?>
<!-- Generated by org.testng.reporters.JUnitReportReporter -->
<testsuite hostname="LAPTOP-QDO5D336" failures="0" tests="1" name="seleniumPackage.UploadFile" time="6.452" errors="0" timestamp="05 Aug 2024 07:44:42 GMT" skipped="0">
  <testcase classname="seleniumPackage.UploadFile" name="UploadaFile" time="6.452"/>
</testsuite> <!-- seleniumPackage.UploadFile -->
