<?xml version="1.0" encoding="UTF-8"?>
<!-- Generated by org.testng.reporters.JUnitReportReporter -->
<testsuite hostname="LAPTOP-QDO5D336" failures="0" tests="1" name="testNG.JXL" time="0.000" errors="0" timestamp="11 Jul 2024 16:51:56 GMT" skipped="1">
  <testcase classname="testNG.JXL" name="LoginDataprovider" time="0.000">
    <skipped/>
  </testcase> <!-- LoginDataprovider -->
</testsuite> <!-- testNG.JXL -->
