<?xml version="1.0" encoding="UTF-8"?>
<!-- Generated by org.testng.reporters.JUnitReportReporter -->
<testsuite hostname="LAPTOP-QDO5D336" failures="0" tests="1" name="seleniumPackage.DragandDrop" time="2.332" errors="0" timestamp="02 Aug 2024 14:49:02 GMT" skipped="0">
  <testcase classname="seleniumPackage.DragandDrop" name="draganddrop" time="2.332"/>
</testsuite> <!-- seleniumPackage.DragandDrop -->
