<?xml version="1.0" encoding="UTF-8"?>
<!-- Generated by org.testng.reporters.JUnitReportReporter -->
<testsuite hostname="LAPTOP-QDO5D336" failures="0" tests="1" name="seleniumPackage.Alert" time="2.491" errors="0" timestamp="05 Aug 2024 07:43:38 GMT" skipped="0">
  <testcase classname="seleniumPackage.Alert" name="AlertPOP_UP" time="2.491"/>
</testsuite> <!-- seleniumPackage.Alert -->
