<?xml version="1.0" encoding="UTF-8"?>
<!-- Generated by org.testng.reporters.JUnitReportReporter -->
<testsuite hostname="LAPTOP-QDO5D336" failures="0" tests="2" name="testNG.CheckTwo" time="0.003" errors="0" timestamp="02 Jul 2024 05:07:19 GMT" skipped="0">
  <testcase classname="testNG.CheckTwo" name="name" time="0.001"/>
  <testcase classname="testNG.CheckTwo" name="Surname" time="0.002"/>
</testsuite> <!-- testNG.CheckTwo -->
