<?xml version="1.0" encoding="UTF-8"?>
<!-- Generated by org.testng.reporters.JUnitReportReporter -->
<testsuite hostname="LAPTOP-QDO5D336" failures="0" tests="1" name="testNG.CheckThree" time="0.002" errors="0" timestamp="02 Jul 2024 05:07:19 GMT" skipped="0">
  <testcase classname="testNG.CheckThree" name="name" time="0.002"/>
</testsuite> <!-- testNG.CheckThree -->
