<?xml version="1.0" encoding="UTF-8"?>
<!-- Generated by org.testng.reporters.JUnitReportReporter -->
<testsuite hostname="LAPTOP-QDO5D336" failures="0" tests="2" name="SeleniumTest.WindowHandle" time="12.468" errors="0" timestamp="01 Aug 2024 14:31:39 GMT" skipped="0">
  <testcase classname="SeleniumTest.WindowHandle" name="singlechildwindow" time="1.685"/>
  <testcase classname="SeleniumTest.WindowHandle" name="anotherwayofHandlingwindows" time="10.783"/>
</testsuite> <!-- SeleniumTest.WindowHandle -->
