<?xml version="1.0" encoding="UTF-8"?>
<!-- Generated by org.testng.reporters.JUnitReportReporter -->
<testsuite hostname="LAPTOP-QDO5D336" failures="0" tests="1" name="testNG.ParameterAnnotation" time="8.574" errors="0" timestamp="04 Jul 2024 05:53:15 GMT" skipped="0">
  <testcase classname="testNG.ParameterAnnotation" name="Parameter" time="8.574"/>
</testsuite> <!-- testNG.ParameterAnnotation -->
