<?xml version="1.0" encoding="UTF-8"?>
<!-- Generated by org.testng.reporters.JUnitReportReporter -->
<testsuite hostname="LAPTOP-QDO5D336" failures="0" tests="2" name="testNG.Annotationscheck" time="0.008" errors="0" timestamp="02 Jul 2024 05:07:19 GMT" skipped="0">
  <testcase classname="testNG.Annotationscheck" name="LastName" time="0.002"/>
  <testcase classname="testNG.Annotationscheck" name="FirstName" time="0.006"/>
</testsuite> <!-- testNG.Annotationscheck -->
