<?xml version="1.0" encoding="UTF-8"?>
<!-- Generated by org.testng.reporters.JUnitReportReporter -->
<testsuite hostname="LAPTOP-QDO5D336" failures="0" tests="2" name="seleniumPackage.UsingTagName" time="65.905" errors="0" timestamp="03 Aug 2024 18:20:16 GMT" skipped="0">
  <testcase classname="seleniumPackage.UsingTagName" name="findingSizeofRowsandColsUsingTagname" time="33.925"/>
  <testcase classname="seleniumPackage.UsingTagName" name="findingValuesofRowsandColsUsingTagname" time="31.980"/>
</testsuite> <!-- seleniumPackage.UsingTagName -->
