<?xml version="1.0" encoding="UTF-8"?>
<!-- Generated by org.testng.reporters.JUnitReportReporter -->
<testsuite hostname="LAPTOP-QDO5D336" failures="0" tests="4" name="testNG.DataProvider" time="42.185" errors="0" timestamp="04 Jul 2024 12:23:07 GMT" skipped="0">
  <testcase classname="testNG.DataProvider" name="LoginDataprovider" time="7.754"/>
  <testcase classname="testNG.DataProvider" name="LoginDataprovider" time="13.242"/>
  <testcase classname="testNG.DataProvider" name="LoginDataprovider" time="7.871"/>
  <testcase classname="testNG.DataProvider" name="LoginDataprovider" time="13.318"/>
</testsuite> <!-- testNG.DataProvider -->
