<?xml version="1.0" encoding="UTF-8"?>
<!-- Generated by org.testng.reporters.JUnitReportReporter -->
<testsuite hostname="LAPTOP-QDO5D336" failures="0" tests="2" name="seleniumPackage.PageScrolling" time="9.336" errors="0" timestamp="02 Aug 2024 04:44:44 GMT" skipped="0">
  <testcase classname="seleniumPackage.PageScrolling" name="scrolldown" time="5.776"/>
  <testcase classname="seleniumPackage.PageScrolling" name="scrolldownusingRobotclass" time="3.560"/>
</testsuite> <!-- seleniumPackage.PageScrolling -->
